2020-01-09 11:46:43  [ http-nio-8080-exec-1:0 ] - [ INFO ]  
2020-01-09 11:47:06  [ http-nio-8080-exec-3:22995 ] - [ INFO ]  
2020-01-09 11:47:47  [ http-nio-8080-exec-2:0 ] - [ INFO ]  ---------------------------------
2020-01-09 11:47:47  [ http-nio-8080-exec-2:9 ] - [ INFO ]  
2020-01-09 11:47:47  [ http-nio-8080-exec-2:10 ] - [ INFO ]  ---------------------------------
2020-01-09 11:47:49  [ http-nio-8080-exec-3:1536 ] - [ INFO ]  ---------------------------------
2020-01-09 11:47:49  [ http-nio-8080-exec-3:1537 ] - [ INFO ]  
2020-01-09 11:47:49  [ http-nio-8080-exec-3:1538 ] - [ INFO ]  ---------------------------------
2020-01-09 11:47:50  [ http-nio-8080-exec-4:3208 ] - [ INFO ]  ---------------------------------
2020-01-09 11:47:50  [ http-nio-8080-exec-4:3210 ] - [ INFO ]  
2020-01-09 11:47:50  [ http-nio-8080-exec-4:3210 ] - [ INFO ]  ---------------------------------
2020-01-09 11:47:51  [ http-nio-8080-exec-5:4195 ] - [ INFO ]  ---------------------------------
2020-01-09 11:47:51  [ http-nio-8080-exec-5:4198 ] - [ INFO ]  
2020-01-09 11:47:51  [ http-nio-8080-exec-5:4198 ] - [ INFO ]  ---------------------------------
2020-01-09 11:50:26  [ http-nio-8080-exec-1:0 ] - [ INFO ]  ---------------------------------
2020-01-09 11:50:26  [ http-nio-8080-exec-1:10 ] - [ INFO ]  
2020-01-09 11:50:26  [ http-nio-8080-exec-1:10 ] - [ INFO ]  ---------------------------------
2020-01-09 11:52:31  [ http-nio-8080-exec-1:124949 ] - [ INFO ]  ---------------------------------
2020-01-09 11:52:31  [ http-nio-8080-exec-1:124951 ] - [ INFO ]  
2020-01-09 11:52:31  [ http-nio-8080-exec-1:124951 ] - [ INFO ]  ---------------------------------
2020-01-09 11:52:32  [ http-nio-8080-exec-2:125420 ] - [ INFO ]  ---------------------------------
2020-01-09 11:52:32  [ http-nio-8080-exec-2:125421 ] - [ INFO ]  
2020-01-09 11:52:32  [ http-nio-8080-exec-2:125421 ] - [ INFO ]  ---------------------------------
2020-01-09 11:53:21  [ main:0 ] - [ INFO ]  1
2020-01-09 11:53:30  [ http-nio-8080-exec-1:184051 ] - [ INFO ]  ---------------------------------
2020-01-09 11:53:30  [ http-nio-8080-exec-1:184053 ] - [ INFO ]  
2020-01-09 11:53:30  [ http-nio-8080-exec-1:184053 ] - [ INFO ]  ---------------------------------
2020-01-09 11:54:16  [ http-nio-8080-exec-1:0 ] - [ INFO ]  ---------------------------------
2020-01-09 11:54:16  [ http-nio-8080-exec-1:9 ] - [ INFO ]  typeId: null
2020-01-09 11:54:16  [ http-nio-8080-exec-1:9 ] - [ INFO ]  ---------------------------------
2020-01-09 11:54:18  [ http-nio-8080-exec-2:1913 ] - [ INFO ]  ---------------------------------
2020-01-09 11:54:18  [ http-nio-8080-exec-2:1915 ] - [ INFO ]  typeId: null
2020-01-09 11:54:18  [ http-nio-8080-exec-2:1916 ] - [ INFO ]  ---------------------------------
2020-01-09 11:54:18  [ http-nio-8080-exec-3:1924 ] - [ INFO ]  ---------------------------------
2020-01-09 11:54:18  [ http-nio-8080-exec-3:1928 ] - [ INFO ]  typeId: null
2020-01-09 11:54:18  [ http-nio-8080-exec-3:1928 ] - [ INFO ]  ---------------------------------
2020-01-09 11:54:19  [ http-nio-8080-exec-4:2885 ] - [ INFO ]  ---------------------------------
2020-01-09 11:54:19  [ http-nio-8080-exec-4:2888 ] - [ INFO ]  typeId: null
2020-01-09 11:54:19  [ http-nio-8080-exec-4:2888 ] - [ INFO ]  ---------------------------------
2020-01-09 11:54:20  [ http-nio-8080-exec-6:3483 ] - [ INFO ]  ---------------------------------
2020-01-09 11:54:20  [ http-nio-8080-exec-6:3485 ] - [ INFO ]  typeId: null
2020-01-09 11:54:20  [ http-nio-8080-exec-6:3486 ] - [ INFO ]  ---------------------------------
2020-01-09 11:54:20  [ http-nio-8080-exec-5:3883 ] - [ INFO ]  ---------------------------------
2020-01-09 11:54:20  [ http-nio-8080-exec-5:3887 ] - [ INFO ]  typeId: null
2020-01-09 11:54:20  [ http-nio-8080-exec-5:3888 ] - [ INFO ]  ---------------------------------
2020-01-09 11:54:23  [ http-nio-8080-exec-7:6689 ] - [ INFO ]  ---------------------------------
2020-01-09 11:54:23  [ http-nio-8080-exec-7:6691 ] - [ INFO ]  typeId: null
2020-01-09 11:54:23  [ http-nio-8080-exec-7:6691 ] - [ INFO ]  ---------------------------------
2020-01-09 11:54:36  [ main:0 ] - [ INFO ]  3
2020-01-09 11:54:51  [ http-nio-8080-exec-9:34992 ] - [ INFO ]  ---------------------------------
2020-01-09 11:54:51  [ http-nio-8080-exec-9:34994 ] - [ INFO ]  typeId: null
2020-01-09 11:54:51  [ http-nio-8080-exec-9:34994 ] - [ INFO ]  ---------------------------------
2020-01-09 11:56:09  [ http-nio-8080-exec-2:0 ] - [ INFO ]  ------------- save Pro  -----------------
2020-01-09 11:56:09  [ http-nio-8080-exec-2:2 ] - [ INFO ]  {"proIntro":"余家头火鸡，活蹦乱跳，鲜嫩多汁","typeName":"其它","proAddress":"余家头养鸡场","proName":"火鸡","proPrice":"80","stock":"50"}
2020-01-09 11:56:09  [ http-nio-8080-exec-2:37 ] - [ INFO ]  ---------------------------------
2020-01-09 11:56:09  [ http-nio-8080-exec-2:46 ] - [ INFO ]  typeId: null
2020-01-09 11:56:09  [ http-nio-8080-exec-2:46 ] - [ INFO ]  ---------------------------------
2020-01-09 11:56:17  [ http-nio-8080-exec-3:7383 ] - [ INFO ]  ------------- save Pro  -----------------
2020-01-09 11:56:17  [ http-nio-8080-exec-3:7384 ] - [ INFO ]  {"proIntro":"余家头火鸡，活蹦乱跳，鲜嫩多汁","typeName":"水果","proAddress":"余家头养鸡场","proName":"火鸡","proPrice":"80","stock":"50"}
2020-01-09 11:56:17  [ http-nio-8080-exec-3:7384 ] - [ INFO ]  ---------------------------------
2020-01-09 11:56:17  [ http-nio-8080-exec-3:7386 ] - [ INFO ]  typeId: null
2020-01-09 11:56:17  [ http-nio-8080-exec-3:7386 ] - [ INFO ]  ---------------------------------
2020-01-09 11:57:13  [ http-nio-8080-exec-2:0 ] - [ INFO ]  ------------- save Pro  -----------------
2020-01-09 11:57:13  [ http-nio-8080-exec-2:2 ] - [ INFO ]  {"proIntro":"余家头火鸡，活蹦乱跳，鲜嫩多汁","typeName":"水果","proAddress":"余家头养鸡场","proName":"火鸡","proPrice":"80","stock":"50"}
2020-01-09 11:57:13  [ http-nio-8080-exec-2:30 ] - [ INFO ]  ---------------------------------
2020-01-09 11:57:13  [ http-nio-8080-exec-2:39 ] - [ INFO ]  typeId: 3
2020-01-09 11:57:13  [ http-nio-8080-exec-2:40 ] - [ INFO ]  ---------------------------------
2020-01-09 11:58:04  [ http-nio-8080-exec-1:0 ] - [ INFO ]  ------------- save Pro  -----------------
2020-01-09 11:58:04  [ http-nio-8080-exec-1:3 ] - [ INFO ]  {"proIntro":"余家头火鸡，活蹦乱跳，鲜嫩多汁","typeName":"水果","proAddress":"余家头养鸡场","proName":"火鸡","proPrice":"80","stock":"50"}
2020-01-09 11:58:04  [ http-nio-8080-exec-1:32 ] - [ INFO ]  ---------------------------------
2020-01-09 11:58:04  [ http-nio-8080-exec-1:33 ] - [ INFO ]  typeName: null
2020-01-09 11:58:04  [ http-nio-8080-exec-1:41 ] - [ INFO ]  typeId: null
2020-01-09 11:58:04  [ http-nio-8080-exec-1:42 ] - [ INFO ]  ---------------------------------
2020-01-09 11:58:40  [ http-nio-8080-exec-1:0 ] - [ INFO ]  ------------- save Pro  -----------------
2020-01-09 11:58:40  [ http-nio-8080-exec-1:2 ] - [ INFO ]  {"proIntro":"色香味俱全","typeName":"水果","proAddress":"豪大大炸鸡店","proName":"炸鸡","state":"1","proPrice":"8","stock":"500","proImg":""}
2020-01-09 11:58:40  [ http-nio-8080-exec-1:28 ] - [ INFO ]  ---------------------------------
2020-01-09 11:58:40  [ http-nio-8080-exec-1:29 ] - [ INFO ]  typeName: 水果
2020-01-09 11:58:40  [ http-nio-8080-exec-1:37 ] - [ INFO ]  typeId: 1
2020-01-09 11:58:40  [ http-nio-8080-exec-1:37 ] - [ INFO ]  ---------------------------------
2020-01-09 11:58:41  [ http-nio-8080-exec-2:1014 ] - [ INFO ]  ------------- save Pro  -----------------
2020-01-09 11:58:41  [ http-nio-8080-exec-2:1014 ] - [ INFO ]  {"proIntro":"余家头火龙果，鲜嫩多汁","typeName":"水果","proAddress":"余家头水果场","proName":"火龙果","proPrice":"80","stock":"50"}
2020-01-09 11:58:41  [ http-nio-8080-exec-2:1014 ] - [ INFO ]  ---------------------------------
2020-01-09 11:58:41  [ http-nio-8080-exec-2:1015 ] - [ INFO ]  typeName: 水果
2020-01-09 11:58:41  [ http-nio-8080-exec-2:1016 ] - [ INFO ]  typeId: 1
2020-01-09 11:58:41  [ http-nio-8080-exec-2:1016 ] - [ INFO ]  ---------------------------------
2020-01-09 12:49:40  [ http-nio-8080-exec-4:3059931 ] - [ INFO ]  ------------- save Pro  -----------------
2020-01-09 12:49:40  [ http-nio-8080-exec-4:3059932 ] - [ INFO ]  {"proIntro":"余家头火鸡，活蹦乱跳，鲜嫩多汁","typeName":"水果","proAddress":"余家头养鸡场","proName":"火鸡","proPrice":"80","stock":"50"}
2020-01-09 12:49:40  [ http-nio-8080-exec-4:3059932 ] - [ INFO ]  ---------------------------------
2020-01-09 12:49:40  [ http-nio-8080-exec-4:3059932 ] - [ INFO ]  typeName: 水果
2020-01-09 12:49:40  [ http-nio-8080-exec-4:3059935 ] - [ INFO ]  typeId: 1
2020-01-09 12:49:40  [ http-nio-8080-exec-4:3059935 ] - [ INFO ]  ---------------------------------
2020-01-09 12:49:47  [ http-nio-8080-exec-6:3066417 ] - [ INFO ]  ------------- save Pro  -----------------
2020-01-09 12:49:47  [ http-nio-8080-exec-6:3066417 ] - [ INFO ]  {"proIntro":"余家头火鸡，活蹦乱跳，鲜嫩多汁","typeName":"水果","proAddress":"余家头养鸡场","proName":"火鸡","proPrice":"80","stock":"50"}
2020-01-09 12:49:47  [ http-nio-8080-exec-6:3066418 ] - [ INFO ]  ---------------------------------
2020-01-09 12:49:47  [ http-nio-8080-exec-6:3066418 ] - [ INFO ]  typeName: 水果
2020-01-09 12:49:47  [ http-nio-8080-exec-6:3066419 ] - [ INFO ]  typeId: 1
2020-01-09 12:49:47  [ http-nio-8080-exec-6:3066420 ] - [ INFO ]  ---------------------------------
2020-01-09 15:00:34  [ http-nio-8080-exec-1:0 ] - [ INFO ]  {"userAccount":"oo","message":"oneUser"}
2020-01-09 15:01:13  [ http-nio-8080-exec-6:39404 ] - [ INFO ]  {"userAccount":"oo","message":"oneUser"}
2020-01-09 15:01:46  [ http-nio-8080-exec-9:71894 ] - [ INFO ]  {"userAccount":"liwenchang","message":"oneUser"}
2020-01-09 15:06:37  [ http-nio-8080-exec-6:363122 ] - [ INFO ]  {"userAccount":"oo","message":"oneUser"}
2020-01-09 15:07:04  [ http-nio-8080-exec-10:390269 ] - [ INFO ]  {"userAccount":"oo","message":"oneUser"}
2020-01-09 15:08:03  [ http-nio-8080-exec-9:448744 ] - [ INFO ]  {"userAccount":"oo","message":"oneUser"}
2020-01-09 15:08:04  [ http-nio-8080-exec-5:450417 ] - [ INFO ]  {"userAccount":"oo","message":"oneUser"}
2020-01-09 15:11:17  [ http-nio-8080-exec-3:642630 ] - [ INFO ]  {"userAccount":"oo","message":"oneUser"}
2020-01-09 15:11:21  [ http-nio-8080-exec-4:646805 ] - [ INFO ]  {"userAccount":"oo","message":"oneUser"}
2020-01-09 15:11:32  [ http-nio-8080-exec-6:657880 ] - [ INFO ]  {"userAccount":"oo","message":"oneUser"}
2020-01-09 15:11:38  [ http-nio-8080-exec-8:663961 ] - [ INFO ]  {"userAccount":"oo","message":"oneUser"}
2020-01-09 15:12:23  [ http-nio-8080-exec-9:708851 ] - [ INFO ]  {"userAccount":"oo","message":"oneUser"}
2020-01-09 15:15:31  [ http-nio-8080-exec-3:896572 ] - [ INFO ]  {"userAccount":"oo","message":"oneUser"}
2020-01-09 15:15:33  [ http-nio-8080-exec-6:898640 ] - [ INFO ]  {"userAccount":"oo","message":"oneUser"}
2020-01-09 15:15:40  [ http-nio-8080-exec-8:905923 ] - [ INFO ]  {"userAccount":"oo","message":"oneUser"}
